<?xml version="1.0" encoding="utf-8"?><testsuites name="pytest tests"><testsuite name="pytest" errors="0" failures="0" skipped="0" tests="31" time="6.031" timestamp="2026-05-15T20:23:45.016110+00:00" hostname="agent-env-91bd80a7-5227-4795-8c73-8918cb65fe5f"><testcase classname="backend.tests.test_jdom_api" name="test_root" time="0.280" /><testcase classname="backend.tests.test_jdom_api.TestAuth" name="test_register_login_me" time="0.522" /><testcase classname="backend.tests.test_jdom_api.TestAuth" name="test_login_admin" time="0.480" /><testcase classname="backend.tests.test_jdom_api.TestAuth" name="test_invalid_login" time="0.121" /><testcase classname="backend.tests.test_jdom_api.TestAuth" name="test_register_dupe_email" time="0.195" /><testcase classname="backend.tests.test_jdom_api.TestLeads" name="test_create_lead_public" time="0.317" /><testcase classname="backend.tests.test_jdom_api.TestLeads" name="test_admin_lists_leads" time="0.142" /><testcase classname="backend.tests.test_jdom_api.TestLeads" name="test_importer_cannot_list_leads" time="0.116" /><testcase classname="backend.tests.test_jdom_api.TestLeads" name="test_admin_marks_contacted" time="0.261" /><testcase classname="backend.tests.test_jdom_api.TestApplications" name="test_create_application_with_doc" time="0.390" /><testcase classname="backend.tests.test_jdom_api.TestApplications" name="test_mine_returns_app" time="0.116" /><testcase classname="backend.tests.test_jdom_api.TestApplications" name="test_admin_lists_apps" time="0.120" /><testcase classname="backend.tests.test_jdom_api.TestApplications" name="test_admin_updates_status_tracking" time="0.113" /><testcase classname="backend.tests.test_jdom_api.TestApplications" name="test_public_tracking" time="0.130" /><testcase classname="backend.tests.test_jdom_api.TestApplications" name="test_public_tracking_404" time="0.138" /><testcase classname="backend.tests.test_jdom_api.TestApplications" name="test_importer_cannot_admin_apps" time="0.105" /><testcase classname="backend.tests.test_jdom_api.TestDocuments" name="test_upload_doc" time="0.106" /><testcase classname="backend.tests.test_jdom_api.TestDocuments" name="test_mine_lists_docs" time="0.114" /><testcase classname="backend.tests.test_jdom_api.TestDocuments" name="test_owner_can_fetch" time="0.136" /><testcase classname="backend.tests.test_jdom_api.TestDocuments" name="test_other_importer_forbidden" time="0.444" /><testcase classname="backend.tests.test_jdom_api.TestDocuments" name="test_admin_can_fetch_any" time="0.117" /><testcase classname="backend.tests.test_jdom_api.TestDocuments" name="test_unauthenticated_blocked" time="0.123" /><testcase classname="backend.tests.test_jdom_api.TestTestimonials" name="test_public_list" time="0.111" /><testcase classname="backend.tests.test_jdom_api.TestTestimonials" name="test_admin_create_delete" time="0.228" /><testcase classname="backend.tests.test_jdom_api.TestTestimonials" name="test_importer_cannot_create_testimonial" time="0.101" /><testcase classname="backend.tests.test_jdom_api.TestGallery" name="test_public_gallery" time="0.142" /><testcase classname="backend.tests.test_jdom_api.TestGallery" name="test_admin_create_delete" time="0.227" /><testcase classname="backend.tests.test_jdom_api.TestGallery" name="test_importer_cannot_create_gallery" time="0.108" /><testcase classname="backend.tests.test_jdom_api.TestStats" name="test_admin_stats" time="0.104" /><testcase classname="backend.tests.test_jdom_api.TestStats" name="test_importer_cannot_stats" time="0.116" /><testcase classname="backend.tests.test_jdom_api" name="test_google_session_endpoint_exists" time="0.210" /></testsuite></testsuites>